<?xml version="1.0" encoding="UTF-8"?>
<testsuite name="org.example.MyClassTest" tests="6" skipped="0" failures="0" errors="0" timestamp="2023-05-14T14:08:23" hostname="Yangletui-MacBookPro.local" time="0.013">
  <properties/>
  <testcase name="test1()" classname="org.example.MyClassTest" time="0.008"/>
  <testcase name="test2()" classname="org.example.MyClassTest" time="0.0"/>
  <testcase name="test3()" classname="org.example.MyClassTest" time="0.0"/>
  <testcase name="test4()" classname="org.example.MyClassTest" time="0.001"/>
  <testcase name="test5()" classname="org.example.MyClassTest" time="0.0"/>
  <testcase name="test6()" classname="org.example.MyClassTest" time="0.0"/>
  <system-out><![CDATA[]]></system-out>
  <system-err><![CDATA[]]></system-err>
</testsuite>
